<?xml version="1.0" encoding="UTF-8"?>
<!-- Generated by org.testng.reporters.JUnitXMLReporter -->
<testsuite ignored="0" hostname="DESKTOP-7A2K48V" failures="7" tests="12" name="Link_Test" time="21.117" errors="0" timestamp="09 Sept 2024 04:29:29 GMT">
  <testcase classname="testingbaba_tests.Link_Test" name="ToVerify_Closebtn" time="0.325"/>
  <testcase classname="testingbaba_tests.Link_Test" name="ToVerify_Practice" time="2.271"/>
  <testcase classname="testingbaba_tests.Link_Test" name="ToVerify_Elements" time="0.245"/>
  <testcase classname="testingbaba_tests.Link_Test" name="ToVerify_Links" time="0.264"/>
  <testcase classname="testingbaba_tests.Link_Test" name="ToVerify_DemoPage" time="2.554"/>
  <testcase classname="testingbaba_tests.Link_Test" name="ToVerify_Created" time="0.297">
    <failure type="java.lang.AssertionError" message="expected [Link has responded with stauts 201 and status text Created] but found [null]">
      <![CDATA[java.lang.AssertionError: expected [Link has responded with stauts 201 and status text Created] but found [null]
	at testingbaba_pages.Link_Page.getVerify_Created(Link_Page.java:108)
	at testingbaba_tests.Link_Test.ToVerify_Created(Link_Test.java:48)
... Removed 31 stack frames]]>
    </failure>
  </testcase> <!-- ToVerify_Created -->
  <testcase classname="testingbaba_tests.Link_Test" name="ToVerify_NoContent" time="0.341">
    <failure type="java.lang.AssertionError" message="expected [Link has responded with stauts 204 and status text No Content] but found [null]">
      <![CDATA[java.lang.AssertionError: expected [Link has responded with stauts 204 and status text No Content] but found [null]
	at testingbaba_pages.Link_Page.getVerify_NoContent(Link_Page.java:118)
	at testingbaba_tests.Link_Test.ToVerify_NoContent(Link_Test.java:53)
... Removed 31 stack frames]]>
    </failure>
  </testcase> <!-- ToVerify_NoContent -->
  <testcase classname="testingbaba_tests.Link_Test" name="ToVerify_Moved" time="0.305">
    <failure type="java.lang.AssertionError" message="expected [Link has responded with status 301 and status text Moved Permanently] but found [null]">
      <![CDATA[java.lang.AssertionError: expected [Link has responded with status 301 and status text Moved Permanently] but found [null]
	at testingbaba_pages.Link_Page.getVerify_Moved(Link_Page.java:128)
	at testingbaba_tests.Link_Test.ToVerify_Moved(Link_Test.java:58)
... Removed 31 stack frames]]>
    </failure>
  </testcase> <!-- ToVerify_Moved -->
  <testcase classname="testingbaba_tests.Link_Test" name="ToVerify_BadRequest" time="0.296">
    <failure type="java.lang.AssertionError" message="expected [Link has responded with status 400 and status text Bad Request] but found [null]">
      <![CDATA[java.lang.AssertionError: expected [Link has responded with status 400 and status text Bad Request] but found [null]
	at testingbaba_pages.Link_Page.getVerify_BadRequest(Link_Page.java:138)
	at testingbaba_tests.Link_Test.ToVerify_BadRequest(Link_Test.java:63)
... Removed 31 stack frames]]>
    </failure>
  </testcase> <!-- ToVerify_BadRequest -->
  <testcase classname="testingbaba_tests.Link_Test" name="Toverify_Unauthorized" time="0.335">
    <failure type="java.lang.AssertionError" message="expected [Link has responded with status 401 and status text Unauthorized] but found [null]">
      <![CDATA[java.lang.AssertionError: expected [Link has responded with status 401 and status text Unauthorized] but found [null]
	at testingbaba_pages.Link_Page.getVerify_Unauthorized(Link_Page.java:148)
	at testingbaba_tests.Link_Test.Toverify_Unauthorized(Link_Test.java:68)
... Removed 31 stack frames]]>
    </failure>
  </testcase> <!-- Toverify_Unauthorized -->
  <testcase classname="testingbaba_tests.Link_Test" name="ToVerify_Forbidden" time="0.36">
    <failure type="java.lang.AssertionError" message="expected [Link has responded with status 403 and status text Forbidden] but found [null]">
      <![CDATA[java.lang.AssertionError: expected [Link has responded with status 403 and status text Forbidden] but found [null]
	at testingbaba_pages.Link_Page.getVerify_Forbidden(Link_Page.java:158)
	at testingbaba_tests.Link_Test.ToVerify_Forbidden(Link_Test.java:73)
... Removed 31 stack frames]]>
    </failure>
  </testcase> <!-- ToVerify_Forbidden -->
  <testcase classname="testingbaba_tests.Link_Test" name="Toverify_NotFound" time="0.29">
    <failure type="java.lang.AssertionError" message="expected [Link has responded with status 404 and status text Not Found] but found [null]">
      <![CDATA[java.lang.AssertionError: expected [Link has responded with status 404 and status text Not Found] but found [null]
	at testingbaba_pages.Link_Page.getVerify_Notfound(Link_Page.java:168)
	at testingbaba_tests.Link_Test.Toverify_NotFound(Link_Test.java:78)
... Removed 31 stack frames]]>
    </failure>
  </testcase> <!-- Toverify_NotFound -->
</testsuite> <!-- Link_Test -->
